<?xml version="1.0" encoding="UTF-8"?>
<!-- Generated by org.testng.reporters.JUnitReportReporter -->
<testsuite hostname="Thotta-210694" failures="0" tests="1" name="flipkarttest.AddToCartTest" time="17.293" errors="0" timestamp="2025-07-28T21:16:09 IST" skipped="0">
  <testcase classname="flipkarttest.AddToCartTest" name="searchDifferentProducts" time="17.293"/>
</testsuite> <!-- flipkarttest.AddToCartTest -->
