<?xml version="1.0" encoding="UTF-8"?>
<!-- Generated by org.testng.reporters.JUnitReportReporter -->
<testsuite hostname="Thotta-210694" failures="0" tests="1" name="flipkarttest.LogoutTest" time="60.395" errors="0" timestamp="2025-07-28T21:16:09 IST" skipped="0">
  <testcase classname="flipkarttest.LogoutTest" name="loginAndLogout" time="60.395"/>
</testsuite> <!-- flipkarttest.LogoutTest -->
