<?xml version="1.0" encoding="UTF-8"?>
<!-- Generated by org.testng.reporters.JUnitReportReporter -->
<testsuite hostname="DESKTOP-JEATDEJ" failures="0" tests="1" name="flipkarttest.LoginTest" time="65.787" errors="0" timestamp="2025-09-12T22:46:24 IST" skipped="0">
  <testcase classname="flipkarttest.LoginTest" name="loginWithEmailOTP" time="65.787"/>
</testsuite> <!-- flipkarttest.LoginTest -->
