<?xml version="1.0" encoding="UTF-8"?>
<!-- Generated by org.testng.reporters.JUnitReportReporter -->
<testsuite hostname="DESKTOP-JEATDEJ" failures="0" tests="1" name="flipkarttest.SearchTest" time="42.277" errors="0" timestamp="2025-07-29T21:42:39 IST" skipped="0">
  <testcase classname="flipkarttest.SearchTest" name="searchDifferentProducts" time="42.277"/>
</testsuite> <!-- flipkarttest.SearchTest -->
